main.obj : error LNK2001: unresolved external symbol "public: __thiscall ACE_Delegating_Time_Policy::ACE_Delegating_Time_Policy(class ACE_Dynamic_Time_Policy_Base const *)" (??0ACE_Delegating_Time_Policy@@QAE@PBVACE_Dynamic_Time_Policy_Base@@@Z) [D:\Github\AzMigrate-Hydration\host\AzureRecoveryUtil\AzureRecoveryUtil.vcxproj]
main.obj : error LNK2001: unresolved external symbol "public: static class ACE_Log_Category & __cdecl ACE_Log_Category::ace_lib(void)" (?ace_lib@ACE_Log_Category@@SAAAV1@XZ) [D:\Github\AzMigrate-Hydration\host\AzureRecoveryUtil\AzureRecoveryUtil.vcxproj]
main.obj : error LNK2001: unresolved external symbol "public: class ACE_Log_Category_TSS * __thiscall ACE_Log_Category::per_thr_obj(void)" (?per_thr_obj@ACE_Log_Category@@QAEPAVACE_Log_Category_TSS@@XZ) [D:\Github\AzMigrate-Hydration\host\AzureRecoveryUtil\AzureRecoveryUtil.vcxproj]
main.obj : error LNK2001: unresolved external symbol "public: __thiscall ACE_Thread_Mutex::~ACE_Thread_Mutex(void)" (??1ACE_Thread_Mutex@@QAE@XZ) [D:\Github\AzMigrate-Hydration\host\AzureRecoveryUtil\AzureRecoveryUtil.vcxproj]
main.obj : error LNK2001: unresolved external symbol "public: __thiscall ACE_Thread_Mutex::ACE_Thread_Mutex(wchar_t const *,struct ACE_mutexattr_t *)" (??0ACE_Thread_Mutex@@QAE@PB_WPAUACE_mutexattr_t@@@Z) [D:\Github\AzMigrate-Hydration\host\AzureRecoveryUtil\AzureRecoveryUtil.vcxproj]
main.obj : error LNK2001: unresolved external symbol "public: void __thiscall ACE_Message_Block::total_size_and_length(unsigned int &,unsigned int &)const " (?total_size_and_length@ACE_Message_Block@@QBEXAAI0@Z) [D:\Github\AzMigrate-Hydration\host\AzureRecoveryUtil\AzureRecoveryUtil.vcxproj]
main.obj : error LNK2001: unresolved external symbol "public: virtual int __thiscall ACE_Message_Queue_Base::state(void)" (?state@ACE_Message_Queue_Base@@UAEHXZ) [D:\Github\AzMigrate-Hydration\host\AzureRecoveryUtil\AzureRecoveryUtil.vcxproj]
main.obj : error LNK2001: unresolved external symbol "public: virtual __thiscall ACE_Message_Queue_Base::~ACE_Message_Queue_Base(void)" (??1ACE_Message_Queue_Base@@UAE@XZ) [D:\Github\AzMigrate-Hydration\host\AzureRecoveryUtil\AzureRecoveryUtil.vcxproj]
main.obj : error LNK2001: unresolved external symbol "unsigned long __cdecl ACE::hash_pjw(char const *,unsigned int)" (?hash_pjw@ACE@@YAKPBDI@Z) [D:\Github\AzMigrate-Hydration\host\AzureRecoveryUtil\AzureRecoveryUtil.vcxproj]
main.obj : error LNK2001: unresolved external symbol "public: static class ACE_Time_Value const ACE_Time_Value::zero" (?zero@ACE_Time_Value@@2V1@B) [D:\Github\AzMigrate-Hydration\host\AzureRecoveryUtil\AzureRecoveryUtil.vcxproj]
main.obj : error LNK2001: unresolved external symbol "char const * __cdecl ACE_OS::strnchr(char const *,int,unsigned int)" (?strnchr@ACE_OS@@YAPBDPBDHI@Z) [D:\Github\AzMigrate-Hydration\host\AzureRecoveryUtil\AzureRecoveryUtil.vcxproj]
main.obj : error LNK2001: unresolved external symbol "wchar_t const * __cdecl ACE_OS::strnchr(wchar_t const *,wchar_t,unsigned int)" (?strnchr@ACE_OS@@YAPB_WPB_W_WI@Z) [D:\Github\AzMigrate-Hydration\host\AzureRecoveryUtil\AzureRecoveryUtil.vcxproj]
main.obj : error LNK2001: unresolved external symbol "char * __cdecl ACE_OS::strsncpy(char *,char const *,unsigned int)" (?strsncpy@ACE_OS@@YAPADPADPBDI@Z) [D:\Github\AzMigrate-Hydration\host\AzureRecoveryUtil\AzureRecoveryUtil.vcxproj]
main.obj : error LNK2001: unresolved external symbol "wchar_t * __cdecl ACE_OS::strsncpy(wchar_t *,wchar_t const *,unsigned int)" (?strsncpy@ACE_OS@@YAPA_WPA_WPB_WI@Z) [D:\Github\AzMigrate-Hydration\host\AzureRecoveryUtil\AzureRecoveryUtil.vcxproj]
main.obj : error LNK2001: unresolved external symbol "char const * __cdecl ACE_OS::strnstr(char const *,char const *,unsigned int)" (?strnstr@ACE_OS@@YAPBDPBD0I@Z) [D:\Github\AzMigrate-Hydration\host\AzureRecoveryUtil\AzureRecoveryUtil.vcxproj]
main.obj : error LNK2001: unresolved external symbol "wchar_t const * __cdecl ACE_OS::strnstr(wchar_t const *,wchar_t const *,unsigned int)" (?strnstr@ACE_OS@@YAPB_WPB_W0I@Z) [D:\Github\AzMigrate-Hydration\host\AzureRecoveryUtil\AzureRecoveryUtil.vcxproj]
main.obj : error LNK2001: unresolved external symbol "public: static unsigned __int64 __cdecl ACE_High_Res_Timer::global_scale_factor(void)" (?global_scale_factor@ACE_High_Res_Timer@@SA_KXZ) [D:\Github\AzMigrate-Hydration\host\AzureRecoveryUtil\AzureRecoveryUtil.vcxproj]
main.obj : error LNK2001: unresolved external symbol "public: static unsigned int const ACE_String_Base_Const::npos" (?npos@ACE_String_Base_Const@@2IB) [D:\Github\AzMigrate-Hydration\host\AzureRecoveryUtil\AzureRecoveryUtil.vcxproj]
main.obj : error LNK2001: unresolved external symbol "private: static int ACE_High_Res_Timer::global_scale_factor_status_" (?global_scale_factor_status_@ACE_High_Res_Timer@@0HA) [D:\Github\AzMigrate-Hydration\host\AzureRecoveryUtil\AzureRecoveryUtil.vcxproj]
main.obj : error LNK2001: unresolved external symbol "public: virtual int __thiscall ACE_Task_Base::resume(void)" (?resume@ACE_Task_Base@@UAEHXZ) [D:\Github\AzMigrate-Hydration\host\AzureRecoveryUtil\AzureRecoveryUtil.vcxproj]
main.obj : error LNK2001: unresolved external symbol "public: virtual int __thiscall ACE_Task_Base::suspend(void)" (?suspend@ACE_Task_Base@@UAEHXZ) [D:\Github\AzMigrate-Hydration\host\AzureRecoveryUtil\AzureRecoveryUtil.vcxproj]
main.obj : error LNK2001: unresolved external symbol "public: virtual int __thiscall ACE_Task_Base::wait(void)" (?wait@ACE_Task_Base@@UAEHXZ) [D:\Github\AzMigrate-Hydration\host\AzureRecoveryUtil\AzureRecoveryUtil.vcxproj]
main.obj : error LNK2001: unresolved external symbol "public: virtual int __thiscall ACE_Task_Base::activate(long,int,int,long,int,class ACE_Task_Base *,void * * const,void * * const,unsigned int * const,unsigned long * const,char const * * const)" (?activate@ACE_Task_Base@@UAEHJHHJHPAV1@QAPAX1QAIQAKQAPBD@Z) [D:\Github\AzMigrate-Hydration\host\AzureRecoveryUtil\AzureRecoveryUtil.vcxproj]
main.obj : error LNK2001: unresolved external symbol "public: virtual int __thiscall ACE_Task_Base::svc(void)" (?svc@ACE_Task_Base@@UAEHXZ) [D:\Github\AzMigrate-Hydration\host\AzureRecoveryUtil\AzureRecoveryUtil.vcxproj]
main.obj : error LNK2001: unresolved external symbol "public: virtual int __thiscall ACE_Task_Base::put(class ACE_Message_Block *,class ACE_Time_Value *)" (?put@ACE_Task_Base@@UAEHPAVACE_Message_Block@@PAVACE_Time_Value@@@Z) [D:\Github\AzMigrate-Hydration\host\AzureRecoveryUtil\AzureRecoveryUtil.vcxproj]
main.obj : error LNK2001: unresolved external symbol "public: virtual int __thiscall ACE_Task_Base::module_closed(void)" (?module_closed@ACE_Task_Base@@UAEHXZ) [D:\Github\AzMigrate-Hydration\host\AzureRecoveryUtil\AzureRecoveryUtil.vcxproj]
main.obj : error LNK2001: unresolved external symbol "public: virtual int __thiscall ACE_Task_Base::close(unsigned long)" (?close@ACE_Task_Base@@UAEHK@Z) [D:\Github\AzMigrate-Hydration\host\AzureRecoveryUtil\AzureRecoveryUtil.vcxproj]
main.obj : error LNK2001: unresolved external symbol "public: virtual int __thiscall ACE_Task_Base::open(void *)" (?open@ACE_Task_Base@@UAEHPAX@Z) [D:\Github\AzMigrate-Hydration\host\AzureRecoveryUtil\AzureRecoveryUtil.vcxproj]
main.obj : error LNK2001: unresolved external symbol "public: virtual __thiscall ACE_Task_Base::~ACE_Task_Base(void)" (??1ACE_Task_Base@@UAE@XZ) [D:\Github\AzMigrate-Hydration\host\AzureRecoveryUtil\AzureRecoveryUtil.vcxproj]
main.obj : error LNK2001: unresolved external symbol "public: __thiscall ACE_Task_Base::ACE_Task_Base(class ACE_Thread_Manager *)" (??0ACE_Task_Base@@QAE@PAVACE_Thread_Manager@@@Z) [D:\Github\AzMigrate-Hydration\host\AzureRecoveryUtil\AzureRecoveryUtil.vcxproj]
main.obj : error LNK2001: unresolved external symbol "public: int __thiscall ACE_Log_Msg::log(wchar_t const *,enum ACE_Log_Priority,char *,class ACE_Log_Category_TSS *)" (?log@ACE_Log_Msg@@QAEHPB_WW4ACE_Log_Priority@@PADPAVACE_Log_Category_TSS@@@Z) [D:\Github\AzMigrate-Hydration\host\AzureRecoveryUtil\AzureRecoveryUtil.vcxproj]
main.obj : error LNK2001: unresolved external symbol "public: void __thiscall ACE_Log_Msg::conditional_set(char const *,int,int,int)" (?conditional_set@ACE_Log_Msg@@QAEXPBDHHH@Z) [D:\Github\AzMigrate-Hydration\host\AzureRecoveryUtil\AzureRecoveryUtil.vcxproj]
main.obj : error LNK2001: unresolved external symbol "public: static int __cdecl ACE_Log_Msg::last_error_adapter(void)" (?last_error_adapter@ACE_Log_Msg@@SAHXZ) [D:\Github\AzMigrate-Hydration\host\AzureRecoveryUtil\AzureRecoveryUtil.vcxproj]
main.obj : error LNK2001: unresolved external symbol "private: void __thiscall ACE_Time_Value::normalize(bool)" (?normalize@ACE_Time_Value@@AAEX_N@Z) [D:\Github\AzMigrate-Hydration\host\AzureRecoveryUtil\AzureRecoveryUtil.vcxproj]
main.obj : error LNK2001: unresolved external symbol "public: virtual class ACE_Time_Value * __thiscall ACE_Time_Value::duplicate(void)const " (?duplicate@ACE_Time_Value@@UBEPAV1@XZ) [D:\Github\AzMigrate-Hydration\host\AzureRecoveryUtil\AzureRecoveryUtil.vcxproj]
main.obj : error LNK2001: unresolved external symbol "public: virtual class ACE_Time_Value __thiscall ACE_Time_Value::to_absolute_time(void)const " (?to_absolute_time@ACE_Time_Value@@UBE?AV1@XZ) [D:\Github\AzMigrate-Hydration\host\AzureRecoveryUtil\AzureRecoveryUtil.vcxproj]
main.obj : error LNK2001: unresolved external symbol "public: virtual class ACE_Time_Value __thiscall ACE_Time_Value::to_relative_time(void)const " (?to_relative_time@ACE_Time_Value@@UBE?AV1@XZ) [D:\Github\AzMigrate-Hydration\host\AzureRecoveryUtil\AzureRecoveryUtil.vcxproj]
main.obj : error LNK2001: unresolved external symbol "public: virtual class ACE_Time_Value __thiscall ACE_Time_Value::now(void)const " (?now@ACE_Time_Value@@UBE?AV1@XZ) [D:\Github\AzMigrate-Hydration\host\AzureRecoveryUtil\AzureRecoveryUtil.vcxproj]
main.obj : error LNK2001: unresolved external symbol "public: class ACE_Time_Value & __thiscall ACE_Time_Value::operator--(void)" (??FACE_Time_Value@@QAEAAV0@XZ) [D:\Github\AzMigrate-Hydration\host\AzureRecoveryUtil\AzureRecoveryUtil.vcxproj]
main.obj : error LNK2001: unresolved external symbol "public: class ACE_Time_Value & __thiscall ACE_Time_Value::operator++(void)" (??EACE_Time_Value@@QAEAAV0@XZ) [D:\Github\AzMigrate-Hydration\host\AzureRecoveryUtil\AzureRecoveryUtil.vcxproj]
main.obj : error LNK2001: unresolved external symbol "public: class ACE_Time_Value & __thiscall ACE_Time_Value::operator*=(double)" (??XACE_Time_Value@@QAEAAV0@N@Z) [D:\Github\AzMigrate-Hydration\host\AzureRecoveryUtil\AzureRecoveryUtil.vcxproj]
main.obj : error LNK2001: unresolved external symbol "public: virtual __thiscall ACE_Time_Value::~ACE_Time_Value(void)" (??1ACE_Time_Value@@UAE@XZ) [D:\Github\AzMigrate-Hydration\host\AzureRecoveryUtil\AzureRecoveryUtil.vcxproj]
main.obj : error LNK2001: unresolved external symbol "public: __thiscall ACE_Time_Value::ACE_Time_Value(struct _FILETIME const &)" (??0ACE_Time_Value@@QAE@ABU_FILETIME@@@Z) [D:\Github\AzMigrate-Hydration\host\AzureRecoveryUtil\AzureRecoveryUtil.vcxproj]
main.obj : error LNK2001: unresolved external symbol "public: int __thiscall ACE_Condition<class ACE_Thread_Mutex>::broadcast(void)" (?broadcast@?$ACE_Condition@VACE_Thread_Mutex@@@@QAEHXZ) [D:\Github\AzMigrate-Hydration\host\AzureRecoveryUtil\AzureRecoveryUtil.vcxproj]
main.obj : error LNK2001: unresolved external symbol "public: int __thiscall ACE_Condition<class ACE_Thread_Mutex>::signal(void)" (?signal@?$ACE_Condition@VACE_Thread_Mutex@@@@QAEHXZ) [D:\Github\AzMigrate-Hydration\host\AzureRecoveryUtil\AzureRecoveryUtil.vcxproj]
main.obj : error LNK2001: unresolved external symbol "public: int __thiscall ACE_Condition<class ACE_Thread_Mutex>::wait(class ACE_Time_Value const *)" (?wait@?$ACE_Condition@VACE_Thread_Mutex@@@@QAEHPBVACE_Time_Value@@@Z) [D:\Github\AzMigrate-Hydration\host\AzureRecoveryUtil\AzureRecoveryUtil.vcxproj]
main.obj : error LNK2001: unresolved external symbol "public: __thiscall ACE_Condition<class ACE_Thread_Mutex>::~ACE_Condition<class ACE_Thread_Mutex>(void)" (??1?$ACE_Condition@VACE_Thread_Mutex@@@@QAE@XZ) [D:\Github\AzMigrate-Hydration\host\AzureRecoveryUtil\AzureRecoveryUtil.vcxproj]
main.obj : error LNK2001: unresolved external symbol "public: __thiscall ACE_Condition<class ACE_Thread_Mutex>::ACE_Condition<class ACE_Thread_Mutex>(class ACE_Thread_Mutex &,class ACE_Condition_Attributes const &,wchar_t const *,void *)" (??0?$ACE_Condition@VACE_Thread_Mutex@@@@QAE@AAVACE_Thread_Mutex@@ABVACE_Condition_Attributes@@PB_WPAX@Z) [D:\Github\AzMigrate-Hydration\host\AzureRecoveryUtil\AzureRecoveryUtil.vcxproj]
main.obj : error LNK2001: unresolved external symbol "public: virtual long __thiscall ACE_Event_Handler::remove_reference(void)" (?remove_reference@ACE_Event_Handler@@UAEJXZ) [D:\Github\AzMigrate-Hydration\host\AzureRecoveryUtil\AzureRecoveryUtil.vcxproj]
main.obj : error LNK2001: unresolved external symbol "public: virtual long __thiscall ACE_Event_Handler::add_reference(void)" (?add_reference@ACE_Event_Handler@@UAEJXZ) [D:\Github\AzMigrate-Hydration\host\AzureRecoveryUtil\AzureRecoveryUtil.vcxproj]
main.obj : error LNK2001: unresolved external symbol "public: virtual class ACE_Reactor_Timer_Interface * __thiscall ACE_Event_Handler::reactor_timer_interface(void)const " (?reactor_timer_interface@ACE_Event_Handler@@UBEPAVACE_Reactor_Timer_Interface@@XZ) [D:\Github\AzMigrate-Hydration\host\AzureRecoveryUtil\AzureRecoveryUtil.vcxproj]
main.obj : error LNK2001: unresolved external symbol "public: virtual void __thiscall ACE_Event_Handler::reactor(class ACE_Reactor *)" (?reactor@ACE_Event_Handler@@UAEXPAVACE_Reactor@@@Z) [D:\Github\AzMigrate-Hydration\host\AzureRecoveryUtil\AzureRecoveryUtil.vcxproj]
main.obj : error LNK2001: unresolved external symbol "public: virtual class ACE_Reactor * __thiscall ACE_Event_Handler::reactor(void)const " (?reactor@ACE_Event_Handler@@UBEPAVACE_Reactor@@XZ) [D:\Github\AzMigrate-Hydration\host\AzureRecoveryUtil\AzureRecoveryUtil.vcxproj]
main.obj : error LNK2001: unresolved external symbol "public: virtual int __thiscall ACE_Event_Handler::handle_group_qos(void *)" (?handle_group_qos@ACE_Event_Handler@@UAEHPAX@Z) [D:\Github\AzMigrate-Hydration\host\AzureRecoveryUtil\AzureRecoveryUtil.vcxproj]
main.obj : error LNK2001: unresolved external symbol "public: virtual int __thiscall ACE_Event_Handler::handle_qos(void *)" (?handle_qos@ACE_Event_Handler@@UAEHPAX@Z) [D:\Github\AzMigrate-Hydration\host\AzureRecoveryUtil\AzureRecoveryUtil.vcxproj]
main.obj : error LNK2001: unresolved external symbol "public: virtual int __thiscall ACE_Event_Handler::resume_handler(void)" (?resume_handler@ACE_Event_Handler@@UAEHXZ) [D:\Github\AzMigrate-Hydration\host\AzureRecoveryUtil\AzureRecoveryUtil.vcxproj]
main.obj : error LNK2001: unresolved external symbol "public: virtual int __thiscall ACE_Event_Handler::handle_signal(int,struct siginfo_t *,int *)" (?handle_signal@ACE_Event_Handler@@UAEHHPAUsiginfo_t@@PAH@Z) [D:\Github\AzMigrate-Hydration\host\AzureRecoveryUtil\AzureRecoveryUtil.vcxproj]
main.obj : error LNK2001: unresolved external symbol "public: virtual int __thiscall ACE_Event_Handler::handle_close(void *,unsigned long)" (?handle_close@ACE_Event_Handler@@UAEHPAXK@Z) [D:\Github\AzMigrate-Hydration\host\AzureRecoveryUtil\AzureRecoveryUtil.vcxproj]
main.obj : error LNK2001: unresolved external symbol "public: virtual int __thiscall ACE_Event_Handler::handle_exit(class ACE_Process *)" (?handle_exit@ACE_Event_Handler@@UAEHPAVACE_Process@@@Z) [D:\Github\AzMigrate-Hydration\host\AzureRecoveryUtil\AzureRecoveryUtil.vcxproj]
main.obj : error LNK2001: unresolved external symbol "public: virtual int __thiscall ACE_Event_Handler::handle_timeout(class ACE_Time_Value const &,void const *)" (?handle_timeout@ACE_Event_Handler@@UAEHABVACE_Time_Value@@PBX@Z) [D:\Github\AzMigrate-Hydration\host\AzureRecoveryUtil\AzureRecoveryUtil.vcxproj]
main.obj : error LNK2001: unresolved external symbol "public: virtual int __thiscall ACE_Event_Handler::handle_exception(void *)" (?handle_exception@ACE_Event_Handler@@UAEHPAX@Z) [D:\Github\AzMigrate-Hydration\host\AzureRecoveryUtil\AzureRecoveryUtil.vcxproj]
main.obj : error LNK2001: unresolved external symbol "public: virtual int __thiscall ACE_Event_Handler::handle_output(void *)" (?handle_output@ACE_Event_Handler@@UAEHPAX@Z) [D:\Github\AzMigrate-Hydration\host\AzureRecoveryUtil\AzureRecoveryUtil.vcxproj]
main.obj : error LNK2001: unresolved external symbol "public: virtual int __thiscall ACE_Event_Handler::handle_input(void *)" (?handle_input@ACE_Event_Handler@@UAEHPAX@Z) [D:\Github\AzMigrate-Hydration\host\AzureRecoveryUtil\AzureRecoveryUtil.vcxproj]
main.obj : error LNK2001: unresolved external symbol "public: virtual int __thiscall ACE_Event_Handler::priority(void)const " (?priority@ACE_Event_Handler@@UBEHXZ) [D:\Github\AzMigrate-Hydration\host\AzureRecoveryUtil\AzureRecoveryUtil.vcxproj]
main.obj : error LNK2001: unresolved external symbol "public: virtual void __thiscall ACE_Event_Handler::priority(int)" (?priority@ACE_Event_Handler@@UAEXH@Z) [D:\Github\AzMigrate-Hydration\host\AzureRecoveryUtil\AzureRecoveryUtil.vcxproj]
main.obj : error LNK2001: unresolved external symbol "public: virtual void __thiscall ACE_Event_Handler::set_handle(void *)" (?set_handle@ACE_Event_Handler@@UAEXPAX@Z) [D:\Github\AzMigrate-Hydration\host\AzureRecoveryUtil\AzureRecoveryUtil.vcxproj]
main.obj : error LNK2001: unresolved external symbol "public: virtual void * __thiscall ACE_Event_Handler::get_handle(void)const " (?get_handle@ACE_Event_Handler@@UBEPAXXZ) [D:\Github\AzMigrate-Hydration\host\AzureRecoveryUtil\AzureRecoveryUtil.vcxproj]
main.obj : error LNK2001: unresolved external symbol "public: static class ACE_Allocator * __cdecl ACE_Allocator::instance(void)" (?instance@ACE_Allocator@@SAPAV1@XZ) [D:\Github\AzMigrate-Hydration\host\AzureRecoveryUtil\AzureRecoveryUtil.vcxproj]
main.obj : error LNK2001: unresolved external symbol "public: virtual int __thiscall ACE_Shared_Object::info(wchar_t * *,unsigned int)const " (?info@ACE_Shared_Object@@UBEHPAPA_WI@Z) [D:\Github\AzMigrate-Hydration\host\AzureRecoveryUtil\AzureRecoveryUtil.vcxproj]
main.obj : error LNK2001: unresolved external symbol "public: virtual int __thiscall ACE_Shared_Object::fini(void)" (?fini@ACE_Shared_Object@@UAEHXZ) [D:\Github\AzMigrate-Hydration\host\AzureRecoveryUtil\AzureRecoveryUtil.vcxproj]
main.obj : error LNK2001: unresolved external symbol "public: virtual int __thiscall ACE_Shared_Object::init(int,wchar_t * * const)" (?init@ACE_Shared_Object@@UAEHHQAPA_W@Z) [D:\Github\AzMigrate-Hydration\host\AzureRecoveryUtil\AzureRecoveryUtil.vcxproj]
AzureRecoveryLib.lib(RecoveryHelpers.obj) : error LNK2001: unresolved external symbol "int __cdecl ACE::init(void)" (?init@ACE@@YAHXZ) [D:\Github\AzMigrate-Hydration\host\AzureRecoveryUtil\AzureRecoveryUtil.vcxproj]
AzureRecoveryLib.lib(Trace.obj) : error LNK2001: unresolved external symbol "public: __thiscall ACE_Recursive_Thread_Mutex::~ACE_Recursive_Thread_Mutex(void)" (??1ACE_Recursive_Thread_Mutex@@QAE@XZ) [D:\Github\AzMigrate-Hydration\host\AzureRecoveryUtil\AzureRecoveryUtil.vcxproj]
AzureRecoveryLib.lib(Trace.obj) : error LNK2001: unresolved external symbol "public: __thiscall ACE_Recursive_Thread_Mutex::ACE_Recursive_Thread_Mutex(wchar_t const *,struct ACE_mutexattr_t *)" (??0ACE_Recursive_Thread_Mutex@@QAE@PB_WPAUACE_mutexattr_t@@@Z) [D:\Github\AzMigrate-Hydration\host\AzureRecoveryUtil\AzureRecoveryUtil.vcxproj]
AzureRecoveryLib.lib(Trace.obj) : error LNK2001: unresolved external symbol "wchar_t * __cdecl ACE::timestamp(wchar_t * const,unsigned int,bool)" (?timestamp@ACE@@YAPA_WQA_WI_N@Z) [D:\Github\AzMigrate-Hydration\host\AzureRecoveryUtil\AzureRecoveryUtil.vcxproj]
AzureRecoveryLib.lib(CloudBlob.obj) : error LNK2001: unresolved external symbol "void * __cdecl ACE_OS::open(char const *,int,unsigned short,struct _SECURITY_ATTRIBUTES *)" (?open@ACE_OS@@YAPAXPBDHGPAU_SECURITY_ATTRIBUTES@@@Z) [D:\Github\AzMigrate-Hydration\host\AzureRecoveryUtil\AzureRecoveryUtil.vcxproj]
AzureRecoveryLib.lib(CloudBlob.obj) : error LNK2001: unresolved external symbol "int __cdecl ACE_OS::read_n(void *,void *,unsigned int,unsigned int *)" (?read_n@ACE_OS@@YAHPAX0IPAI@Z) [D:\Github\AzMigrate-Hydration\host\AzureRecoveryUtil\AzureRecoveryUtil.vcxproj]
AzureRecoveryLib.lib(HttpClient.obj) : error LNK2001: unresolved external symbol _SSL_get_SSL_CTX [D:\Github\AzMigrate-Hydration\host\AzureRecoveryUtil\AzureRecoveryUtil.vcxproj]
AzureRecoveryLib.lib(HttpClient.obj) : error LNK2001: unresolved external symbol _X509_STORE_CTX_get_ex_data [D:\Github\AzMigrate-Hydration\host\AzureRecoveryUtil\AzureRecoveryUtil.vcxproj]
AzureRecoveryLib.lib(HttpClient.obj) : error LNK2001: unresolved external symbol _X509_STORE_CTX_get_current_cert [D:\Github\AzMigrate-Hydration\host\AzureRecoveryUtil\AzureRecoveryUtil.vcxproj]
AzureRecoveryLib.lib(HttpClient.obj) : error LNK2001: unresolved external symbol _SSL_CTX_get_cert_store [D:\Github\AzMigrate-Hydration\host\AzureRecoveryUtil\AzureRecoveryUtil.vcxproj]
libcurl.lib(openssl.obj) : error LNK2001: unresolved external symbol _SSL_CTX_get_cert_store [D:\Github\AzMigrate-Hydration\host\AzureRecoveryUtil\AzureRecoveryUtil.vcxproj]
AzureRecoveryLib.lib(HttpClient.obj) : error LNK2001: unresolved external symbol _EVP_sha1 [D:\Github\AzMigrate-Hydration\host\AzureRecoveryUtil\AzureRecoveryUtil.vcxproj]
libcurl.lib(openssl.obj) : error LNK2001: unresolved external symbol _EVP_sha1 [D:\Github\AzMigrate-Hydration\host\AzureRecoveryUtil\AzureRecoveryUtil.vcxproj]
AzureRecoveryLib.lib(HttpClient.obj) : error LNK2001: unresolved external symbol _BIO_free [D:\Github\AzMigrate-Hydration\host\AzureRecoveryUtil\AzureRecoveryUtil.vcxproj]
libcurl.lib(openssl.obj) : error LNK2001: unresolved external symbol _BIO_free [D:\Github\AzMigrate-Hydration\host\AzureRecoveryUtil\AzureRecoveryUtil.vcxproj]
AzureRecoveryLib.lib(HttpClient.obj) : error LNK2001: unresolved external symbol _X509_cmp_time [D:\Github\AzMigrate-Hydration\host\AzureRecoveryUtil\AzureRecoveryUtil.vcxproj]
AzureRecoveryLib.lib(HttpClient.obj) : error LNK2001: unresolved external symbol _BIO_s_mem [D:\Github\AzMigrate-Hydration\host\AzureRecoveryUtil\AzureRecoveryUtil.vcxproj]
libcurl.lib(openssl.obj) : error LNK2001: unresolved external symbol _BIO_s_mem [D:\Github\AzMigrate-Hydration\host\AzureRecoveryUtil\AzureRecoveryUtil.vcxproj]
AzureRecoveryLib.lib(HttpClient.obj) : error LNK2001: unresolved external symbol _X509_STORE_CTX_get_error [D:\Github\AzMigrate-Hydration\host\AzureRecoveryUtil\AzureRecoveryUtil.vcxproj]
AzureRecoveryLib.lib(HttpClient.obj) : error LNK2001: unresolved external symbol _SSL_CTX_set_verify [D:\Github\AzMigrate-Hydration\host\AzureRecoveryUtil\AzureRecoveryUtil.vcxproj]
libcurl.lib(openssl.obj) : error LNK2001: unresolved external symbol _SSL_CTX_set_verify [D:\Github\AzMigrate-Hydration\host\AzureRecoveryUtil\AzureRecoveryUtil.vcxproj]
AzureRecoveryLib.lib(HttpClient.obj) : error LNK2001: unresolved external symbol _X509_getm_notAfter [D:\Github\AzMigrate-Hydration\host\AzureRecoveryUtil\AzureRecoveryUtil.vcxproj]
AzureRecoveryLib.lib(HttpClient.obj) : error LNK2001: unresolved external symbol _SSL_CTX_get_ex_data [D:\Github\AzMigrate-Hydration\host\AzureRecoveryUtil\AzureRecoveryUtil.vcxproj]
AzureRecoveryLib.lib(HttpClient.obj) : error LNK2001: unresolved external symbol _PEM_write_bio_X509_AUX [D:\Github\AzMigrate-Hydration\host\AzureRecoveryUtil\AzureRecoveryUtil.vcxproj]
AzureRecoveryLib.lib(HttpClient.obj) : error LNK2001: unresolved external symbol _X509_STORE_CTX_set_error [D:\Github\AzMigrate-Hydration\host\AzureRecoveryUtil\AzureRecoveryUtil.vcxproj]
AzureRecoveryLib.lib(HttpClient.obj) : error LNK2001: unresolved external symbol _SSL_CTX_set_ex_data [D:\Github\AzMigrate-Hydration\host\AzureRecoveryUtil\AzureRecoveryUtil.vcxproj]
AzureRecoveryLib.lib(HttpClient.obj) : error LNK2001: unresolved external symbol _BIO_ctrl [D:\Github\AzMigrate-Hydration\host\AzureRecoveryUtil\AzureRecoveryUtil.vcxproj]
libcurl.lib(openssl.obj) : error LNK2001: unresolved external symbol _BIO_ctrl [D:\Github\AzMigrate-Hydration\host\AzureRecoveryUtil\AzureRecoveryUtil.vcxproj]
AzureRecoveryLib.lib(HttpClient.obj) : error LNK2001: unresolved external symbol _X509_digest [D:\Github\AzMigrate-Hydration\host\AzureRecoveryUtil\AzureRecoveryUtil.vcxproj]
AzureRecoveryLib.lib(HttpClient.obj) : error LNK2001: unresolved external symbol _SSL_get_ex_data_X509_STORE_CTX_idx [D:\Github\AzMigrate-Hydration\host\AzureRecoveryUtil\AzureRecoveryUtil.vcxproj]
AzureRecoveryLib.lib(HttpClient.obj) : error LNK2001: unresolved external symbol _BIO_new [D:\Github\AzMigrate-Hydration\host\AzureRecoveryUtil\AzureRecoveryUtil.vcxproj]
libcurl.lib(openssl.obj) : error LNK2001: unresolved external symbol _BIO_new [D:\Github\AzMigrate-Hydration\host\AzureRecoveryUtil\AzureRecoveryUtil.vcxproj]
AzureRecoveryLib.lib(HttpClient.obj) : error LNK2001: unresolved external symbol _SSL_CTX_set_cert_verify_callback [D:\Github\AzMigrate-Hydration\host\AzureRecoveryUtil\AzureRecoveryUtil.vcxproj]
AzureRecoveryLib.lib(Process.obj) : error LNK2001: unresolved external symbol "int __cdecl ACE::terminate_process(int)" (?terminate_process@ACE@@YAHH@Z) [D:\Github\AzMigrate-Hydration\host\AzureRecoveryUtil\AzureRecoveryUtil.vcxproj]
AzureRecoveryLib.lib(Process.obj) : error LNK2001: unresolved external symbol "public: void __thiscall ACE_Process::close_dup_handles(void)" (?close_dup_handles@ACE_Process@@QAEXXZ) [D:\Github\AzMigrate-Hydration\host\AzureRecoveryUtil\AzureRecoveryUtil.vcxproj]
AzureRecoveryLib.lib(Process.obj) : error LNK2001: unresolved external symbol "public: int __thiscall ACE_Process::running(void)const " (?running@ACE_Process@@QBEHXZ) [D:\Github\AzMigrate-Hydration\host\AzureRecoveryUtil\AzureRecoveryUtil.vcxproj]
AzureRecoveryLib.lib(Process.obj) : error LNK2001: unresolved external symbol "public: int __thiscall ACE_Process::wait(class ACE_Time_Value const &,unsigned long *)" (?wait@ACE_Process@@QAEHABVACE_Time_Value@@PAK@Z) [D:\Github\AzMigrate-Hydration\host\AzureRecoveryUtil\AzureRecoveryUtil.vcxproj]
AzureRecoveryLib.lib(Process.obj) : error LNK2001: unresolved external symbol "public: virtual __thiscall ACE_Process::~ACE_Process(void)" (??1ACE_Process@@UAE@XZ) [D:\Github\AzMigrate-Hydration\host\AzureRecoveryUtil\AzureRecoveryUtil.vcxproj]
AzureRecoveryLib.lib(Process.obj) : error LNK2001: unresolved external symbol "public: __thiscall ACE_Process::ACE_Process(void)" (??0ACE_Process@@QAE@XZ) [D:\Github\AzMigrate-Hydration\host\AzureRecoveryUtil\AzureRecoveryUtil.vcxproj]
AzureRecoveryLib.lib(Process.obj) : error LNK2001: unresolved external symbol "public: int __cdecl ACE_Process_Options::command_line(char const *,...)" (?command_line@ACE_Process_Options@@QAAHPBDZZ) [D:\Github\AzMigrate-Hydration\host\AzureRecoveryUtil\AzureRecoveryUtil.vcxproj]
AzureRecoveryLib.lib(Process.obj) : error LNK2001: unresolved external symbol "public: int __thiscall ACE_Process_Options::set_handles(void *,void *,void *)" (?set_handles@ACE_Process_Options@@QAEHPAX00@Z) [D:\Github\AzMigrate-Hydration\host\AzureRecoveryUtil\AzureRecoveryUtil.vcxproj]
AzureRecoveryLib.lib(Process.obj) : error LNK2001: unresolved external symbol "public: __thiscall ACE_Process_Options::~ACE_Process_Options(void)" (??1ACE_Process_Options@@QAE@XZ) [D:\Github\AzMigrate-Hydration\host\AzureRecoveryUtil\AzureRecoveryUtil.vcxproj]
AzureRecoveryLib.lib(Process.obj) : error LNK2001: unresolved external symbol "public: __thiscall ACE_Process_Options::ACE_Process_Options(bool,unsigned int,unsigned int,unsigned int,unsigned int)" (??0ACE_Process_Options@@QAE@_NIIII@Z) [D:\Github\AzMigrate-Hydration\host\AzureRecoveryUtil\AzureRecoveryUtil.vcxproj]
libcurl.lib(openssl.obj) : error LNK2001: unresolved external symbol _OPENSSL_sk_num [D:\Github\AzMigrate-Hydration\host\AzureRecoveryUtil\AzureRecoveryUtil.vcxproj]
libcurl.lib(openssl.obj) : error LNK2001: unresolved external symbol _OPENSSL_sk_value [D:\Github\AzMigrate-Hydration\host\AzureRecoveryUtil\AzureRecoveryUtil.vcxproj]
libcurl.lib(openssl.obj) : error LNK2001: unresolved external symbol _OPENSSL_sk_pop_free [D:\Github\AzMigrate-Hydration\host\AzureRecoveryUtil\AzureRecoveryUtil.vcxproj]
libcurl.lib(openssl.obj) : error LNK2001: unresolved external symbol _OPENSSL_sk_pop [D:\Github\AzMigrate-Hydration\host\AzureRecoveryUtil\AzureRecoveryUtil.vcxproj]
libcurl.lib(openssl.obj) : error LNK2001: unresolved external symbol _OpenSSL_version_num [D:\Github\AzMigrate-Hydration\host\AzureRecoveryUtil\AzureRecoveryUtil.vcxproj]
libcurl.lib(openssl.obj) : error LNK2001: unresolved external symbol _CRYPTO_get_ex_new_index [D:\Github\AzMigrate-Hydration\host\AzureRecoveryUtil\AzureRecoveryUtil.vcxproj]
libcurl.lib(openssl.obj) : error LNK2001: unresolved external symbol _CRYPTO_malloc [D:\Github\AzMigrate-Hydration\host\AzureRecoveryUtil\AzureRecoveryUtil.vcxproj]
libcurl.lib(openssl.obj) : error LNK2001: unresolved external symbol _CRYPTO_free [D:\Github\AzMigrate-Hydration\host\AzureRecoveryUtil\AzureRecoveryUtil.vcxproj]
securitylib.lib(verifysslcert.obj) : error LNK2001: unresolved external symbol _CRYPTO_free [D:\Github\AzMigrate-Hydration\host\AzureRecoveryUtil\AzureRecoveryUtil.vcxproj]
libcurl.lib(openssl.obj) : error LNK2001: unresolved external symbol _BIO_s_file [D:\Github\AzMigrate-Hydration\host\AzureRecoveryUtil\AzureRecoveryUtil.vcxproj]
libcurl.lib(openssl.obj) : error LNK2001: unresolved external symbol _BIO_puts [D:\Github\AzMigrate-Hydration\host\AzureRecoveryUtil\AzureRecoveryUtil.vcxproj]
libcurl.lib(openssl.obj) : error LNK2001: unresolved external symbol _BIO_new_mem_buf [D:\Github\AzMigrate-Hydration\host\AzureRecoveryUtil\AzureRecoveryUtil.vcxproj]
libcurl.lib(openssl.obj) : error LNK2001: unresolved external symbol _BIO_printf [D:\Github\AzMigrate-Hydration\host\AzureRecoveryUtil\AzureRecoveryUtil.vcxproj]
libcurl.lib(openssl.obj) : error LNK2001: unresolved external symbol _BN_num_bits [D:\Github\AzMigrate-Hydration\host\AzureRecoveryUtil\AzureRecoveryUtil.vcxproj]
libcurl.lib(openssl.obj) : error LNK2001: unresolved external symbol _BN_print [D:\Github\AzMigrate-Hydration\host\AzureRecoveryUtil\AzureRecoveryUtil.vcxproj]
libcurl.lib(openssl.obj) : error LNK2001: unresolved external symbol _ASN1_STRING_length [D:\Github\AzMigrate-Hydration\host\AzureRecoveryUtil\AzureRecoveryUtil.vcxproj]
libcurl.lib(openssl.obj) : error LNK2001: unresolved external symbol _ASN1_STRING_type [D:\Github\AzMigrate-Hydration\host\AzureRecoveryUtil\AzureRecoveryUtil.vcxproj]
libcurl.lib(openssl.obj) : error LNK2001: unresolved external symbol _ASN1_STRING_get0_data [D:\Github\AzMigrate-Hydration\host\AzureRecoveryUtil\AzureRecoveryUtil.vcxproj]
libcurl.lib(openssl.obj) : error LNK2001: unresolved external symbol _i2a_ASN1_OBJECT [D:\Github\AzMigrate-Hydration\host\AzureRecoveryUtil\AzureRecoveryUtil.vcxproj]
libcurl.lib(openssl.obj) : error LNK2001: unresolved external symbol _i2t_ASN1_OBJECT [D:\Github\AzMigrate-Hydration\host\AzureRecoveryUtil\AzureRecoveryUtil.vcxproj]
libcurl.lib(openssl.obj) : error LNK2001: unresolved external symbol _ASN1_STRING_to_UTF8 [D:\Github\AzMigrate-Hydration\host\AzureRecoveryUtil\AzureRecoveryUtil.vcxproj]
libcurl.lib(openssl.obj) : error LNK2001: unresolved external symbol _ASN1_TIME_print [D:\Github\AzMigrate-Hydration\host\AzureRecoveryUtil\AzureRecoveryUtil.vcxproj]
libcurl.lib(openssl.obj) : error LNK2001: unresolved external symbol _ASN1_STRING_print [D:\Github\AzMigrate-Hydration\host\AzureRecoveryUtil\AzureRecoveryUtil.vcxproj]
libcurl.lib(openssl.obj) : error LNK2001: unresolved external symbol _EVP_MD_CTX_new [D:\Github\AzMigrate-Hydration\host\AzureRecoveryUtil\AzureRecoveryUtil.vcxproj]
libcurl.lib(sha256.obj) : error LNK2001: unresolved external symbol _EVP_MD_CTX_new [D:\Github\AzMigrate-Hydration\host\AzureRecoveryUtil\AzureRecoveryUtil.vcxproj]
libcurl.lib(openssl.obj) : error LNK2001: unresolved external symbol _EVP_MD_CTX_free [D:\Github\AzMigrate-Hydration\host\AzureRecoveryUtil\AzureRecoveryUtil.vcxproj]
libcurl.lib(sha256.obj) : error LNK2001: unresolved external symbol _EVP_MD_CTX_free [D:\Github\AzMigrate-Hydration\host\AzureRecoveryUtil\AzureRecoveryUtil.vcxproj]
libcurl.lib(openssl.obj) : error LNK2001: unresolved external symbol _EVP_DigestUpdate [D:\Github\AzMigrate-Hydration\host\AzureRecoveryUtil\AzureRecoveryUtil.vcxproj]
libcurl.lib(sha256.obj) : error LNK2001: unresolved external symbol _EVP_DigestUpdate [D:\Github\AzMigrate-Hydration\host\AzureRecoveryUtil\AzureRecoveryUtil.vcxproj]
libcurl.lib(openssl.obj) : error LNK2001: unresolved external symbol _EVP_DigestFinal_ex [D:\Github\AzMigrate-Hydration\host\AzureRecoveryUtil\AzureRecoveryUtil.vcxproj]
libcurl.lib(sha256.obj) : error LNK2001: unresolved external symbol _EVP_DigestFinal_ex [D:\Github\AzMigrate-Hydration\host\AzureRecoveryUtil\AzureRecoveryUtil.vcxproj]
libcurl.lib(openssl.obj) : error LNK2001: unresolved external symbol _EVP_DigestInit [D:\Github\AzMigrate-Hydration\host\AzureRecoveryUtil\AzureRecoveryUtil.vcxproj]
libcurl.lib(openssl.obj) : error LNK2001: unresolved external symbol _EVP_sha256 [D:\Github\AzMigrate-Hydration\host\AzureRecoveryUtil\AzureRecoveryUtil.vcxproj]
libcurl.lib(sha256.obj) : error LNK2001: unresolved external symbol _EVP_sha256 [D:\Github\AzMigrate-Hydration\host\AzureRecoveryUtil\AzureRecoveryUtil.vcxproj]
libcurl.lib(openssl.obj) : error LNK2001: unresolved external symbol _EVP_PKEY_id [D:\Github\AzMigrate-Hydration\host\AzureRecoveryUtil\AzureRecoveryUtil.vcxproj]
libcurl.lib(openssl.obj) : error LNK2001: unresolved external symbol _EVP_PKEY_get0_RSA [D:\Github\AzMigrate-Hydration\host\AzureRecoveryUtil\AzureRecoveryUtil.vcxproj]
libcurl.lib(openssl.obj) : error LNK2001: unresolved external symbol _EVP_PKEY_get1_RSA [D:\Github\AzMigrate-Hydration\host\AzureRecoveryUtil\AzureRecoveryUtil.vcxproj]
libcurl.lib(openssl.obj) : error LNK2001: unresolved external symbol _EVP_PKEY_get0_DSA [D:\Github\AzMigrate-Hydration\host\AzureRecoveryUtil\AzureRecoveryUtil.vcxproj]
libcurl.lib(openssl.obj) : error LNK2001: unresolved external symbol _EVP_PKEY_get0_DH [D:\Github\AzMigrate-Hydration\host\AzureRecoveryUtil\AzureRecoveryUtil.vcxproj]
libcurl.lib(openssl.obj) : error LNK2001: unresolved external symbol _EVP_PKEY_free [D:\Github\AzMigrate-Hydration\host\AzureRecoveryUtil\AzureRecoveryUtil.vcxproj]
libcurl.lib(openssl.obj) : error LNK2001: unresolved external symbol _EVP_PKEY_copy_parameters [D:\Github\AzMigrate-Hydration\host\AzureRecoveryUtil\AzureRecoveryUtil.vcxproj]
libcurl.lib(openssl.obj) : error LNK2001: unresolved external symbol _RSA_get0_key [D:\Github\AzMigrate-Hydration\host\AzureRecoveryUtil\AzureRecoveryUtil.vcxproj]
libcurl.lib(openssl.obj) : error LNK2001: unresolved external symbol _RSA_free [D:\Github\AzMigrate-Hydration\host\AzureRecoveryUtil\AzureRecoveryUtil.vcxproj]
libcurl.lib(openssl.obj) : error LNK2001: unresolved external symbol _RSA_flags [D:\Github\AzMigrate-Hydration\host\AzureRecoveryUtil\AzureRecoveryUtil.vcxproj]
libcurl.lib(openssl.obj) : error LNK2001: unresolved external symbol _DH_get0_pqg [D:\Github\AzMigrate-Hydration\host\AzureRecoveryUtil\AzureRecoveryUtil.vcxproj]
libcurl.lib(openssl.obj) : error LNK2001: unresolved external symbol _DH_get0_key [D:\Github\AzMigrate-Hydration\host\AzureRecoveryUtil\AzureRecoveryUtil.vcxproj]
libcurl.lib(openssl.obj) : error LNK2001: unresolved external symbol _DSA_get0_pqg [D:\Github\AzMigrate-Hydration\host\AzureRecoveryUtil\AzureRecoveryUtil.vcxproj]
libcurl.lib(openssl.obj) : error LNK2001: unresolved external symbol _DSA_get0_key [D:\Github\AzMigrate-Hydration\host\AzureRecoveryUtil\AzureRecoveryUtil.vcxproj]
libcurl.lib(openssl.obj) : error LNK2001: unresolved external symbol _X509_STORE_set_flags [D:\Github\AzMigrate-Hydration\host\AzureRecoveryUtil\AzureRecoveryUtil.vcxproj]
libcurl.lib(openssl.obj) : error LNK2001: unresolved external symbol _X509_STORE_add_lookup [D:\Github\AzMigrate-Hydration\host\AzureRecoveryUtil\AzureRecoveryUtil.vcxproj]
libcurl.lib(openssl.obj) : error LNK2001: unresolved external symbol _X509_LOOKUP_file [D:\Github\AzMigrate-Hydration\host\AzureRecoveryUtil\AzureRecoveryUtil.vcxproj]
libcurl.lib(openssl.obj) : error LNK2001: unresolved external symbol _X509_STORE_add_cert [D:\Github\AzMigrate-Hydration\host\AzureRecoveryUtil\AzureRecoveryUtil.vcxproj]
securitylib.lib(verifysslcert.obj) : error LNK2001: unresolved external symbol _X509_STORE_add_cert [D:\Github\AzMigrate-Hydration\host\AzureRecoveryUtil\AzureRecoveryUtil.vcxproj]
libcurl.lib(openssl.obj) : error LNK2001: unresolved external symbol _X509_STORE_add_crl [D:\Github\AzMigrate-Hydration\host\AzureRecoveryUtil\AzureRecoveryUtil.vcxproj]
libcurl.lib(openssl.obj) : error LNK2001: unresolved external symbol _X509_load_crl_file [D:\Github\AzMigrate-Hydration\host\AzureRecoveryUtil\AzureRecoveryUtil.vcxproj]
libcurl.lib(openssl.obj) : error LNK2001: unresolved external symbol _X509_verify_cert_error_string [D:\Github\AzMigrate-Hydration\host\AzureRecoveryUtil\AzureRecoveryUtil.vcxproj]
libcurl.lib(openssl.obj) : error LNK2001: unresolved external symbol _d2i_X509_bio [D:\Github\AzMigrate-Hydration\host\AzureRecoveryUtil\AzureRecoveryUtil.vcxproj]
libcurl.lib(openssl.obj) : error LNK2001: unresolved external symbol _d2i_PrivateKey_bio [D:\Github\AzMigrate-Hydration\host\AzureRecoveryUtil\AzureRecoveryUtil.vcxproj]
libcurl.lib(openssl.obj) : error LNK2001: unresolved external symbol _i2d_X509_PUBKEY [D:\Github\AzMigrate-Hydration\host\AzureRecoveryUtil\AzureRecoveryUtil.vcxproj]
libcurl.lib(openssl.obj) : error LNK2001: unresolved external symbol _X509_free [D:\Github\AzMigrate-Hydration\host\AzureRecoveryUtil\AzureRecoveryUtil.vcxproj]
securitylib.lib(verifysslcert.obj) : error LNK2001: unresolved external symbol _X509_free [D:\Github\AzMigrate-Hydration\host\AzureRecoveryUtil\AzureRecoveryUtil.vcxproj]
libcurl.lib(openssl.obj) : error LNK2001: unresolved external symbol _d2i_X509 [D:\Github\AzMigrate-Hydration\host\AzureRecoveryUtil\AzureRecoveryUtil.vcxproj]
securitylib.lib(verifysslcert.obj) : error LNK2001: unresolved external symbol _d2i_X509 [D:\Github\AzMigrate-Hydration\host\AzureRecoveryUtil\AzureRecoveryUtil.vcxproj]
libcurl.lib(openssl.obj) : error LNK2001: unresolved external symbol _X509_get0_signature [D:\Github\AzMigrate-Hydration\host\AzureRecoveryUtil\AzureRecoveryUtil.vcxproj]
libcurl.lib(openssl.obj) : error LNK2001: unresolved external symbol _X509_INFO_free [D:\Github\AzMigrate-Hydration\host\AzureRecoveryUtil\AzureRecoveryUtil.vcxproj]
libcurl.lib(openssl.obj) : error LNK2001: unresolved external symbol _X509_get_version [D:\Github\AzMigrate-Hydration\host\AzureRecoveryUtil\AzureRecoveryUtil.vcxproj]
libcurl.lib(openssl.obj) : error LNK2001: unresolved external symbol _X509_get_serialNumber [D:\Github\AzMigrate-Hydration\host\AzureRecoveryUtil\AzureRecoveryUtil.vcxproj]
libcurl.lib(openssl.obj) : error LNK2001: unresolved external symbol _X509_get_issuer_name [D:\Github\AzMigrate-Hydration\host\AzureRecoveryUtil\AzureRecoveryUtil.vcxproj]
libcurl.lib(openssl.obj) : error LNK2001: unresolved external symbol _X509_get_subject_name [D:\Github\AzMigrate-Hydration\host\AzureRecoveryUtil\AzureRecoveryUtil.vcxproj]
securitylib.lib(verifysslcert.obj) : error LNK2001: unresolved external symbol _X509_get_subject_name [D:\Github\AzMigrate-Hydration\host\AzureRecoveryUtil\AzureRecoveryUtil.vcxproj]
libcurl.lib(openssl.obj) : error LNK2001: unresolved external symbol _X509_get0_notBefore [D:\Github\AzMigrate-Hydration\host\AzureRecoveryUtil\AzureRecoveryUtil.vcxproj]
libcurl.lib(openssl.obj) : error LNK2001: unresolved external symbol _X509_get0_notAfter [D:\Github\AzMigrate-Hydration\host\AzureRecoveryUtil\AzureRecoveryUtil.vcxproj]
libcurl.lib(openssl.obj) : error LNK2001: unresolved external symbol _X509_get_X509_PUBKEY [D:\Github\AzMigrate-Hydration\host\AzureRecoveryUtil\AzureRecoveryUtil.vcxproj]
libcurl.lib(openssl.obj) : error LNK2001: unresolved external symbol _X509_get0_extensions [D:\Github\AzMigrate-Hydration\host\AzureRecoveryUtil\AzureRecoveryUtil.vcxproj]
libcurl.lib(openssl.obj) : error LNK2001: unresolved external symbol _X509_get_pubkey [D:\Github\AzMigrate-Hydration\host\AzureRecoveryUtil\AzureRecoveryUtil.vcxproj]
libcurl.lib(openssl.obj) : error LNK2001: unresolved external symbol _X509_NAME_print_ex [D:\Github\AzMigrate-Hydration\host\AzureRecoveryUtil\AzureRecoveryUtil.vcxproj]
libcurl.lib(openssl.obj) : error LNK2001: unresolved external symbol _X509_NAME_get_index_by_NID [D:\Github\AzMigrate-Hydration\host\AzureRecoveryUtil\AzureRecoveryUtil.vcxproj]
libcurl.lib(openssl.obj) : error LNK2001: unresolved external symbol _X509_NAME_get_entry [D:\Github\AzMigrate-Hydration\host\AzureRecoveryUtil\AzureRecoveryUtil.vcxproj]
libcurl.lib(openssl.obj) : error LNK2001: unresolved external symbol _X509_NAME_ENTRY_get_data [D:\Github\AzMigrate-Hydration\host\AzureRecoveryUtil\AzureRecoveryUtil.vcxproj]
libcurl.lib(openssl.obj) : error LNK2001: unresolved external symbol _X509_get_ext_d2i [D:\Github\AzMigrate-Hydration\host\AzureRecoveryUtil\AzureRecoveryUtil.vcxproj]
libcurl.lib(openssl.obj) : error LNK2001: unresolved external symbol _X509_EXTENSION_get_object [D:\Github\AzMigrate-Hydration\host\AzureRecoveryUtil\AzureRecoveryUtil.vcxproj]
libcurl.lib(openssl.obj) : error LNK2001: unresolved external symbol _X509_EXTENSION_get_data [D:\Github\AzMigrate-Hydration\host\AzureRecoveryUtil\AzureRecoveryUtil.vcxproj]
libcurl.lib(openssl.obj) : error LNK2001: unresolved external symbol _X509_PUBKEY_get0_param [D:\Github\AzMigrate-Hydration\host\AzureRecoveryUtil\AzureRecoveryUtil.vcxproj]
libcurl.lib(openssl.obj) : error LNK2001: unresolved external symbol _PEM_X509_INFO_read_bio [D:\Github\AzMigrate-Hydration\host\AzureRecoveryUtil\AzureRecoveryUtil.vcxproj]
libcurl.lib(openssl.obj) : error LNK2001: unresolved external symbol _PEM_read_bio_X509 [D:\Github\AzMigrate-Hydration\host\AzureRecoveryUtil\AzureRecoveryUtil.vcxproj]
libcurl.lib(openssl.obj) : error LNK2001: unresolved external symbol _PEM_write_bio_X509 [D:\Github\AzMigrate-Hydration\host\AzureRecoveryUtil\AzureRecoveryUtil.vcxproj]
libcurl.lib(openssl.obj) : error LNK2001: unresolved external symbol _PEM_read_bio_X509_AUX [D:\Github\AzMigrate-Hydration\host\AzureRecoveryUtil\AzureRecoveryUtil.vcxproj]
libcurl.lib(openssl.obj) : error LNK2001: unresolved external symbol _PEM_read_bio_PrivateKey [D:\Github\AzMigrate-Hydration\host\AzureRecoveryUtil\AzureRecoveryUtil.vcxproj]
libcurl.lib(openssl.obj) : error LNK2001: unresolved external symbol _SSL_CTX_set_options [D:\Github\AzMigrate-Hydration\host\AzureRecoveryUtil\AzureRecoveryUtil.vcxproj]
libcurl.lib(openssl.obj) : error LNK2001: unresolved external symbol _SSL_CTX_set_msg_callback [D:\Github\AzMigrate-Hydration\host\AzureRecoveryUtil\AzureRecoveryUtil.vcxproj]
libcurl.lib(openssl.obj) : error LNK2001: unresolved external symbol _SSL_CTX_sess_set_new_cb [D:\Github\AzMigrate-Hydration\host\AzureRecoveryUtil\AzureRecoveryUtil.vcxproj]
libcurl.lib(openssl.obj) : error LNK2001: unresolved external symbol _SSL_CTX_set_next_proto_select_cb [D:\Github\AzMigrate-Hydration\host\AzureRecoveryUtil\AzureRecoveryUtil.vcxproj]
libcurl.lib(openssl.obj) : error LNK2001: unresolved external symbol _SSL_CTX_set_alpn_protos [D:\Github\AzMigrate-Hydration\host\AzureRecoveryUtil\AzureRecoveryUtil.vcxproj]
libcurl.lib(openssl.obj) : error LNK2001: unresolved external symbol _SSL_get0_alpn_selected [D:\Github\AzMigrate-Hydration\host\AzureRecoveryUtil\AzureRecoveryUtil.vcxproj]
libcurl.lib(openssl.obj) : error LNK2001: unresolved external symbol _SSL_CTX_set_keylog_callback [D:\Github\AzMigrate-Hydration\host\AzureRecoveryUtil\AzureRecoveryUtil.vcxproj]
libcurl.lib(openssl.obj) : error LNK2001: unresolved external symbol _BIO_f_ssl [D:\Github\AzMigrate-Hydration\host\AzureRecoveryUtil\AzureRecoveryUtil.vcxproj]
libcurl.lib(openssl.obj) : error LNK2001: unresolved external symbol _SSL_CTX_set_cipher_list [D:\Github\AzMigrate-Hydration\host\AzureRecoveryUtil\AzureRecoveryUtil.vcxproj]
libcurl.lib(openssl.obj) : error LNK2001: unresolved external symbol _SSL_CTX_new [D:\Github\AzMigrate-Hydration\host\AzureRecoveryUtil\AzureRecoveryUtil.vcxproj]
libcurl.lib(openssl.obj) : error LNK2001: unresolved external symbol _SSL_CTX_free [D:\Github\AzMigrate-Hydration\host\AzureRecoveryUtil\AzureRecoveryUtil.vcxproj]
libcurl.lib(openssl.obj) : error LNK2001: unresolved external symbol _SSL_get_current_cipher [D:\Github\AzMigrate-Hydration\host\AzureRecoveryUtil\AzureRecoveryUtil.vcxproj]
libcurl.lib(openssl.obj) : error LNK2001: unresolved external symbol _SSL_CIPHER_get_name [D:\Github\AzMigrate-Hydration\host\AzureRecoveryUtil\AzureRecoveryUtil.vcxproj]
libcurl.lib(openssl.obj) : error LNK2001: unresolved external symbol _SSL_pending [D:\Github\AzMigrate-Hydration\host\AzureRecoveryUtil\AzureRecoveryUtil.vcxproj]
libcurl.lib(openssl.obj) : error LNK2001: unresolved external symbol _SSL_set_fd [D:\Github\AzMigrate-Hydration\host\AzureRecoveryUtil\AzureRecoveryUtil.vcxproj]
libcurl.lib(openssl.obj) : error LNK2001: unresolved external symbol _SSL_set_bio [D:\Github\AzMigrate-Hydration\host\AzureRecoveryUtil\AzureRecoveryUtil.vcxproj]
libcurl.lib(openssl.obj) : error LNK2001: unresolved external symbol _SSL_CTX_set_ciphersuites [D:\Github\AzMigrate-Hydration\host\AzureRecoveryUtil\AzureRecoveryUtil.vcxproj]
libcurl.lib(openssl.obj) : error LNK2001: unresolved external symbol _SSL_CTX_use_PrivateKey_file [D:\Github\AzMigrate-Hydration\host\AzureRecoveryUtil\AzureRecoveryUtil.vcxproj]
libcurl.lib(openssl.obj) : error LNK2001: unresolved external symbol _SSL_CTX_use_certificate_file [D:\Github\AzMigrate-Hydration\host\AzureRecoveryUtil\AzureRecoveryUtil.vcxproj]
libcurl.lib(openssl.obj) : error LNK2001: unresolved external symbol _SSL_CTX_use_certificate_chain_file [D:\Github\AzMigrate-Hydration\host\AzureRecoveryUtil\AzureRecoveryUtil.vcxproj]
libcurl.lib(openssl.obj) : error LNK2001: unresolved external symbol _SSL_SESSION_free [D:\Github\AzMigrate-Hydration\host\AzureRecoveryUtil\AzureRecoveryUtil.vcxproj]
libcurl.lib(openssl.obj) : error LNK2001: unresolved external symbol _SSL_set_session [D:\Github\AzMigrate-Hydration\host\AzureRecoveryUtil\AzureRecoveryUtil.vcxproj]
libcurl.lib(openssl.obj) : error LNK2001: unresolved external symbol _SSL_get_peer_certificate [D:\Github\AzMigrate-Hydration\host\AzureRecoveryUtil\AzureRecoveryUtil.vcxproj]
libcurl.lib(openssl.obj) : error LNK2001: unresolved external symbol _SSL_get_peer_cert_chain [D:\Github\AzMigrate-Hydration\host\AzureRecoveryUtil\AzureRecoveryUtil.vcxproj]
libcurl.lib(openssl.obj) : error LNK2001: unresolved external symbol _SSL_CTX_use_PrivateKey [D:\Github\AzMigrate-Hydration\host\AzureRecoveryUtil\AzureRecoveryUtil.vcxproj]
libcurl.lib(openssl.obj) : error LNK2001: unresolved external symbol _SSL_CTX_use_certificate [D:\Github\AzMigrate-Hydration\host\AzureRecoveryUtil\AzureRecoveryUtil.vcxproj]
libcurl.lib(openssl.obj) : error LNK2001: unresolved external symbol _SSL_CTX_set_default_passwd_cb [D:\Github\AzMigrate-Hydration\host\AzureRecoveryUtil\AzureRecoveryUtil.vcxproj]
libcurl.lib(openssl.obj) : error LNK2001: unresolved external symbol _SSL_CTX_set_default_passwd_cb_userdata [D:\Github\AzMigrate-Hydration\host\AzureRecoveryUtil\AzureRecoveryUtil.vcxproj]
libcurl.lib(openssl.obj) : error LNK2001: unresolved external symbol _SSL_CTX_check_private_key [D:\Github\AzMigrate-Hydration\host\AzureRecoveryUtil\AzureRecoveryUtil.vcxproj]
libcurl.lib(openssl.obj) : error LNK2001: unresolved external symbol _SSL_new [D:\Github\AzMigrate-Hydration\host\AzureRecoveryUtil\AzureRecoveryUtil.vcxproj]
libcurl.lib(openssl.obj) : error LNK2001: unresolved external symbol _SSL_free [D:\Github\AzMigrate-Hydration\host\AzureRecoveryUtil\AzureRecoveryUtil.vcxproj]
libcurl.lib(openssl.obj) : error LNK2001: unresolved external symbol _SSL_connect [D:\Github\AzMigrate-Hydration\host\AzureRecoveryUtil\AzureRecoveryUtil.vcxproj]
libcurl.lib(openssl.obj) : error LNK2001: unresolved external symbol _SSL_read [D:\Github\AzMigrate-Hydration\host\AzureRecoveryUtil\AzureRecoveryUtil.vcxproj]
libcurl.lib(openssl.obj) : error LNK2001: unresolved external symbol _SSL_write [D:\Github\AzMigrate-Hydration\host\AzureRecoveryUtil\AzureRecoveryUtil.vcxproj]
libcurl.lib(openssl.obj) : error LNK2001: unresolved external symbol _SSL_ctrl [D:\Github\AzMigrate-Hydration\host\AzureRecoveryUtil\AzureRecoveryUtil.vcxproj]
libcurl.lib(openssl.obj) : error LNK2001: unresolved external symbol _SSL_CTX_ctrl [D:\Github\AzMigrate-Hydration\host\AzureRecoveryUtil\AzureRecoveryUtil.vcxproj]
libcurl.lib(openssl.obj) : error LNK2001: unresolved external symbol _SSL_get_error [D:\Github\AzMigrate-Hydration\host\AzureRecoveryUtil\AzureRecoveryUtil.vcxproj]
libcurl.lib(openssl.obj) : error LNK2001: unresolved external symbol _SSL_get_version [D:\Github\AzMigrate-Hydration\host\AzureRecoveryUtil\AzureRecoveryUtil.vcxproj]
libcurl.lib(openssl.obj) : error LNK2001: unresolved external symbol _TLS_client_method [D:\Github\AzMigrate-Hydration\host\AzureRecoveryUtil\AzureRecoveryUtil.vcxproj]
libcurl.lib(openssl.obj) : error LNK2001: unresolved external symbol _SSL_shutdown [D:\Github\AzMigrate-Hydration\host\AzureRecoveryUtil\AzureRecoveryUtil.vcxproj]
libcurl.lib(openssl.obj) : error LNK2001: unresolved external symbol _SSL_CTX_set_post_handshake_auth [D:\Github\AzMigrate-Hydration\host\AzureRecoveryUtil\AzureRecoveryUtil.vcxproj]
libcurl.lib(openssl.obj) : error LNK2001: unresolved external symbol _SSL_alert_desc_string_long [D:\Github\AzMigrate-Hydration\host\AzureRecoveryUtil\AzureRecoveryUtil.vcxproj]
libcurl.lib(openssl.obj) : error LNK2001: unresolved external symbol _SSL_CTX_add_client_CA [D:\Github\AzMigrate-Hydration\host\AzureRecoveryUtil\AzureRecoveryUtil.vcxproj]
libcurl.lib(openssl.obj) : error LNK2001: unresolved external symbol _SSL_set_connect_state [D:\Github\AzMigrate-Hydration\host\AzureRecoveryUtil\AzureRecoveryUtil.vcxproj]
libcurl.lib(openssl.obj) : error LNK2001: unresolved external symbol _SSL_get_certificate [D:\Github\AzMigrate-Hydration\host\AzureRecoveryUtil\AzureRecoveryUtil.vcxproj]
libcurl.lib(openssl.obj) : error LNK2001: unresolved external symbol _SSL_get_privatekey [D:\Github\AzMigrate-Hydration\host\AzureRecoveryUtil\AzureRecoveryUtil.vcxproj]
libcurl.lib(openssl.obj) : error LNK2001: unresolved external symbol _SSL_get_shutdown [D:\Github\AzMigrate-Hydration\host\AzureRecoveryUtil\AzureRecoveryUtil.vcxproj]
libcurl.lib(openssl.obj) : error LNK2001: unresolved external symbol _SSL_CTX_load_verify_locations [D:\Github\AzMigrate-Hydration\host\AzureRecoveryUtil\AzureRecoveryUtil.vcxproj]
libcurl.lib(openssl.obj) : error LNK2001: unresolved external symbol _SSL_get_verify_result [D:\Github\AzMigrate-Hydration\host\AzureRecoveryUtil\AzureRecoveryUtil.vcxproj]
libcurl.lib(openssl.obj) : error LNK2001: unresolved external symbol _SSL_set_ex_data [D:\Github\AzMigrate-Hydration\host\AzureRecoveryUtil\AzureRecoveryUtil.vcxproj]
libcurl.lib(openssl.obj) : error LNK2001: unresolved external symbol _SSL_get_ex_data [D:\Github\AzMigrate-Hydration\host\AzureRecoveryUtil\AzureRecoveryUtil.vcxproj]
libcurl.lib(openssl.obj) : error LNK2001: unresolved external symbol _OPENSSL_init_ssl [D:\Github\AzMigrate-Hydration\host\AzureRecoveryUtil\AzureRecoveryUtil.vcxproj]
libcurl.lib(openssl.obj) : error LNK2001: unresolved external symbol _RAND_bytes [D:\Github\AzMigrate-Hydration\host\AzureRecoveryUtil\AzureRecoveryUtil.vcxproj]
libcurl.lib(openssl.obj) : error LNK2001: unresolved external symbol _RAND_status [D:\Github\AzMigrate-Hydration\host\AzureRecoveryUtil\AzureRecoveryUtil.vcxproj]
libcurl.lib(openssl.obj) : error LNK2001: unresolved external symbol _GENERAL_NAMES_free [D:\Github\AzMigrate-Hydration\host\AzureRecoveryUtil\AzureRecoveryUtil.vcxproj]
libcurl.lib(openssl.obj) : error LNK2001: unresolved external symbol _X509V3_EXT_print [D:\Github\AzMigrate-Hydration\host\AzureRecoveryUtil\AzureRecoveryUtil.vcxproj]
libcurl.lib(openssl.obj) : error LNK2001: unresolved external symbol _X509_check_issued [D:\Github\AzMigrate-Hydration\host\AzureRecoveryUtil\AzureRecoveryUtil.vcxproj]
libcurl.lib(openssl.obj) : error LNK2001: unresolved external symbol _ERR_get_error [D:\Github\AzMigrate-Hydration\host\AzureRecoveryUtil\AzureRecoveryUtil.vcxproj]
libcurl.lib(openssl.obj) : error LNK2001: unresolved external symbol _ERR_peek_error [D:\Github\AzMigrate-Hydration\host\AzureRecoveryUtil\AzureRecoveryUtil.vcxproj]
libcurl.lib(openssl.obj) : error LNK2001: unresolved external symbol _ERR_peek_last_error [D:\Github\AzMigrate-Hydration\host\AzureRecoveryUtil\AzureRecoveryUtil.vcxproj]
libcurl.lib(openssl.obj) : error LNK2001: unresolved external symbol _ERR_clear_error [D:\Github\AzMigrate-Hydration\host\AzureRecoveryUtil\AzureRecoveryUtil.vcxproj]
libcurl.lib(openssl.obj) : error LNK2001: unresolved external symbol _ERR_error_string_n [D:\Github\AzMigrate-Hydration\host\AzureRecoveryUtil\AzureRecoveryUtil.vcxproj]
libcurl.lib(openssl.obj) : error LNK2001: unresolved external symbol _PKCS12_free [D:\Github\AzMigrate-Hydration\host\AzureRecoveryUtil\AzureRecoveryUtil.vcxproj]
libcurl.lib(openssl.obj) : error LNK2001: unresolved external symbol _PKCS12_PBE_add [D:\Github\AzMigrate-Hydration\host\AzureRecoveryUtil\AzureRecoveryUtil.vcxproj]
libcurl.lib(openssl.obj) : error LNK2001: unresolved external symbol _PKCS12_parse [D:\Github\AzMigrate-Hydration\host\AzureRecoveryUtil\AzureRecoveryUtil.vcxproj]
libcurl.lib(openssl.obj) : error LNK2001: unresolved external symbol _d2i_PKCS12_bio [D:\Github\AzMigrate-Hydration\host\AzureRecoveryUtil\AzureRecoveryUtil.vcxproj]
libcurl.lib(openssl.obj) : error LNK2001: unresolved external symbol _OCSP_cert_to_id [D:\Github\AzMigrate-Hydration\host\AzureRecoveryUtil\AzureRecoveryUtil.vcxproj]
libcurl.lib(openssl.obj) : error LNK2001: unresolved external symbol _OCSP_response_status [D:\Github\AzMigrate-Hydration\host\AzureRecoveryUtil\AzureRecoveryUtil.vcxproj]
libcurl.lib(openssl.obj) : error LNK2001: unresolved external symbol _OCSP_response_get1_basic [D:\Github\AzMigrate-Hydration\host\AzureRecoveryUtil\AzureRecoveryUtil.vcxproj]
libcurl.lib(openssl.obj) : error LNK2001: unresolved external symbol _OCSP_resp_find_status [D:\Github\AzMigrate-Hydration\host\AzureRecoveryUtil\AzureRecoveryUtil.vcxproj]
libcurl.lib(openssl.obj) : error LNK2001: unresolved external symbol _OCSP_check_validity [D:\Github\AzMigrate-Hydration\host\AzureRecoveryUtil\AzureRecoveryUtil.vcxproj]
libcurl.lib(openssl.obj) : error LNK2001: unresolved external symbol _OCSP_BASICRESP_free [D:\Github\AzMigrate-Hydration\host\AzureRecoveryUtil\AzureRecoveryUtil.vcxproj]
libcurl.lib(openssl.obj) : error LNK2001: unresolved external symbol _OCSP_RESPONSE_free [D:\Github\AzMigrate-Hydration\host\AzureRecoveryUtil\AzureRecoveryUtil.vcxproj]
libcurl.lib(openssl.obj) : error LNK2001: unresolved external symbol _d2i_OCSP_RESPONSE [D:\Github\AzMigrate-Hydration\host\AzureRecoveryUtil\AzureRecoveryUtil.vcxproj]
libcurl.lib(openssl.obj) : error LNK2001: unresolved external symbol _OCSP_CERTID_free [D:\Github\AzMigrate-Hydration\host\AzureRecoveryUtil\AzureRecoveryUtil.vcxproj]
libcurl.lib(openssl.obj) : error LNK2001: unresolved external symbol _OCSP_response_status_str [D:\Github\AzMigrate-Hydration\host\AzureRecoveryUtil\AzureRecoveryUtil.vcxproj]
libcurl.lib(openssl.obj) : error LNK2001: unresolved external symbol _OCSP_cert_status_str [D:\Github\AzMigrate-Hydration\host\AzureRecoveryUtil\AzureRecoveryUtil.vcxproj]
libcurl.lib(openssl.obj) : error LNK2001: unresolved external symbol _OCSP_crl_reason_str [D:\Github\AzMigrate-Hydration\host\AzureRecoveryUtil\AzureRecoveryUtil.vcxproj]
libcurl.lib(openssl.obj) : error LNK2001: unresolved external symbol _OCSP_basic_verify [D:\Github\AzMigrate-Hydration\host\AzureRecoveryUtil\AzureRecoveryUtil.vcxproj]
libcurl.lib(openssl.obj) : error LNK2001: unresolved external symbol _UI_get0_user_data [D:\Github\AzMigrate-Hydration\host\AzureRecoveryUtil\AzureRecoveryUtil.vcxproj]
libcurl.lib(openssl.obj) : error LNK2001: unresolved external symbol _UI_OpenSSL [D:\Github\AzMigrate-Hydration\host\AzureRecoveryUtil\AzureRecoveryUtil.vcxproj]
libcurl.lib(openssl.obj) : error LNK2001: unresolved external symbol _UI_create_method [D:\Github\AzMigrate-Hydration\host\AzureRecoveryUtil\AzureRecoveryUtil.vcxproj]
libcurl.lib(openssl.obj) : error LNK2001: unresolved external symbol _UI_destroy_method [D:\Github\AzMigrate-Hydration\host\AzureRecoveryUtil\AzureRecoveryUtil.vcxproj]
libcurl.lib(openssl.obj) : error LNK2001: unresolved external symbol _UI_method_set_opener [D:\Github\AzMigrate-Hydration\host\AzureRecoveryUtil\AzureRecoveryUtil.vcxproj]
libcurl.lib(openssl.obj) : error LNK2001: unresolved external symbol _UI_method_set_writer [D:\Github\AzMigrate-Hydration\host\AzureRecoveryUtil\AzureRecoveryUtil.vcxproj]
libcurl.lib(openssl.obj) : error LNK2001: unresolved external symbol _UI_method_set_reader [D:\Github\AzMigrate-Hydration\host\AzureRecoveryUtil\AzureRecoveryUtil.vcxproj]
libcurl.lib(openssl.obj) : error LNK2001: unresolved external symbol _UI_method_set_closer [D:\Github\AzMigrate-Hydration\host\AzureRecoveryUtil\AzureRecoveryUtil.vcxproj]
libcurl.lib(openssl.obj) : error LNK2001: unresolved external symbol _UI_method_get_opener [D:\Github\AzMigrate-Hydration\host\AzureRecoveryUtil\AzureRecoveryUtil.vcxproj]
libcurl.lib(openssl.obj) : error LNK2001: unresolved external symbol _UI_method_get_writer [D:\Github\AzMigrate-Hydration\host\AzureRecoveryUtil\AzureRecoveryUtil.vcxproj]
libcurl.lib(openssl.obj) : error LNK2001: unresolved external symbol _UI_method_get_reader [D:\Github\AzMigrate-Hydration\host\AzureRecoveryUtil\AzureRecoveryUtil.vcxproj]
libcurl.lib(openssl.obj) : error LNK2001: unresolved external symbol _UI_method_get_closer [D:\Github\AzMigrate-Hydration\host\AzureRecoveryUtil\AzureRecoveryUtil.vcxproj]
libcurl.lib(openssl.obj) : error LNK2001: unresolved external symbol _UI_get_string_type [D:\Github\AzMigrate-Hydration\host\AzureRecoveryUtil\AzureRecoveryUtil.vcxproj]
libcurl.lib(openssl.obj) : error LNK2001: unresolved external symbol _UI_get_input_flags [D:\Github\AzMigrate-Hydration\host\AzureRecoveryUtil\AzureRecoveryUtil.vcxproj]
libcurl.lib(openssl.obj) : error LNK2001: unresolved external symbol _UI_set_result [D:\Github\AzMigrate-Hydration\host\AzureRecoveryUtil\AzureRecoveryUtil.vcxproj]
libcurl.lib(openssl.obj) : error LNK2001: unresolved external symbol _ENGINE_get_first [D:\Github\AzMigrate-Hydration\host\AzureRecoveryUtil\AzureRecoveryUtil.vcxproj]
libcurl.lib(openssl.obj) : error LNK2001: unresolved external symbol _ENGINE_get_next [D:\Github\AzMigrate-Hydration\host\AzureRecoveryUtil\AzureRecoveryUtil.vcxproj]
libcurl.lib(openssl.obj) : error LNK2001: unresolved external symbol _ENGINE_by_id [D:\Github\AzMigrate-Hydration\host\AzureRecoveryUtil\AzureRecoveryUtil.vcxproj]
libcurl.lib(openssl.obj) : error LNK2001: unresolved external symbol _ENGINE_ctrl [D:\Github\AzMigrate-Hydration\host\AzureRecoveryUtil\AzureRecoveryUtil.vcxproj]
libcurl.lib(openssl.obj) : error LNK2001: unresolved external symbol _ENGINE_ctrl_cmd [D:\Github\AzMigrate-Hydration\host\AzureRecoveryUtil\AzureRecoveryUtil.vcxproj]
libcurl.lib(openssl.obj) : error LNK2001: unresolved external symbol _ENGINE_free [D:\Github\AzMigrate-Hydration\host\AzureRecoveryUtil\AzureRecoveryUtil.vcxproj]
libcurl.lib(openssl.obj) : error LNK2001: unresolved external symbol _ENGINE_get_id [D:\Github\AzMigrate-Hydration\host\AzureRecoveryUtil\AzureRecoveryUtil.vcxproj]
libcurl.lib(openssl.obj) : error LNK2001: unresolved external symbol _ENGINE_init [D:\Github\AzMigrate-Hydration\host\AzureRecoveryUtil\AzureRecoveryUtil.vcxproj]
libcurl.lib(openssl.obj) : error LNK2001: unresolved external symbol _ENGINE_finish [D:\Github\AzMigrate-Hydration\host\AzureRecoveryUtil\AzureRecoveryUtil.vcxproj]
libcurl.lib(openssl.obj) : error LNK2001: unresolved external symbol _ENGINE_load_private_key [D:\Github\AzMigrate-Hydration\host\AzureRecoveryUtil\AzureRecoveryUtil.vcxproj]
libcurl.lib(openssl.obj) : error LNK2001: unresolved external symbol _ENGINE_set_default [D:\Github\AzMigrate-Hydration\host\AzureRecoveryUtil\AzureRecoveryUtil.vcxproj]
libcurl.lib(md5.obj) : error LNK2001: unresolved external symbol _MD5_Init [D:\Github\AzMigrate-Hydration\host\AzureRecoveryUtil\AzureRecoveryUtil.vcxproj]
libcurl.lib(md5.obj) : error LNK2001: unresolved external symbol _MD5_Update [D:\Github\AzMigrate-Hydration\host\AzureRecoveryUtil\AzureRecoveryUtil.vcxproj]
libcurl.lib(md5.obj) : error LNK2001: unresolved external symbol _MD5_Final [D:\Github\AzMigrate-Hydration\host\AzureRecoveryUtil\AzureRecoveryUtil.vcxproj]
libcurl.lib(curl_ntlm_core.obj) : error LNK2001: unresolved external symbol _DES_ecb_encrypt [D:\Github\AzMigrate-Hydration\host\AzureRecoveryUtil\AzureRecoveryUtil.vcxproj]
libcurl.lib(curl_ntlm_core.obj) : error LNK2001: unresolved external symbol _DES_set_odd_parity [D:\Github\AzMigrate-Hydration\host\AzureRecoveryUtil\AzureRecoveryUtil.vcxproj]
libcurl.lib(curl_ntlm_core.obj) : error LNK2001: unresolved external symbol _DES_set_key_unchecked [D:\Github\AzMigrate-Hydration\host\AzureRecoveryUtil\AzureRecoveryUtil.vcxproj]
libcurl.lib(sha256.obj) : error LNK2001: unresolved external symbol _EVP_DigestInit_ex [D:\Github\AzMigrate-Hydration\host\AzureRecoveryUtil\AzureRecoveryUtil.vcxproj]
libcurl.lib(md4.obj) : error LNK2001: unresolved external symbol _MD4_Init [D:\Github\AzMigrate-Hydration\host\AzureRecoveryUtil\AzureRecoveryUtil.vcxproj]
libcurl.lib(md4.obj) : error LNK2001: unresolved external symbol _MD4_Update [D:\Github\AzMigrate-Hydration\host\AzureRecoveryUtil\AzureRecoveryUtil.vcxproj]
libcurl.lib(md4.obj) : error LNK2001: unresolved external symbol _MD4_Final [D:\Github\AzMigrate-Hydration\host\AzureRecoveryUtil\AzureRecoveryUtil.vcxproj]
securitylib.lib(verifysslcert.obj) : error LNK2001: unresolved external symbol _X509_NAME_oneline [D:\Github\AzMigrate-Hydration\host\AzureRecoveryUtil\AzureRecoveryUtil.vcxproj]
securitylib.lib(verifysslcert.obj) : error LNK2001: unresolved external symbol _i2d_X509 [D:\Github\AzMigrate-Hydration\host\AzureRecoveryUtil\AzureRecoveryUtil.vcxproj]
Release\AzureRecoveryUtil.exe : fatal error LNK1120: 302 unresolved externals [D:\Github\AzMigrate-Hydration\host\AzureRecoveryUtil\AzureRecoveryUtil.vcxproj]
